<?xml version="1.0" encoding="UTF-8"?>
<!-- Generated by org.testng.reporters.JUnitReportReporter -->
<testsuite hostname="DESKTOP-QH08G25" failures="0" tests="1" name="com.sample.test.SampleFrameworkTest" time="40.586" errors="0" timestamp="06 May 2022 01:53:06 GMT" skipped="0">
  <testcase classname="com.sample.test.SampleFrameworkTest" name="submit" time="40.586"/>
</testsuite> <!-- com.sample.test.SampleFrameworkTest -->
